[2024-02-02 01:07:33,619: INFO: main: >>>>>> Stage Data Ingestion started <<<<<<]
[2024-02-02 01:07:33,620: INFO: common: yaml file: config/config.yaml loaded successfully]
[2024-02-02 01:07:33,620: INFO: common: yaml file: params.yaml loaded successfully]
[2024-02-02 01:07:33,620: INFO: common: created directory at: artifacts]
[2024-02-02 01:07:33,620: INFO: common: created directory at: artifacts/data_ingestion]
[2024-02-02 01:07:37,462: INFO: data_ingestion: artifacts/data_ingestion/data.zip download! with following info: 
Connection: close
Content-Length: 7903594
Cache-Control: max-age=300
Content-Security-Policy: default-src 'none'; style-src 'unsafe-inline'; sandbox
Content-Type: application/zip
ETag: "dbc016a060da18070593b83afff580c9b300f0b6ea4147a7988433e04df246ca"
Strict-Transport-Security: max-age=31536000
X-Content-Type-Options: nosniff
X-Frame-Options: deny
X-XSS-Protection: 1; mode=block
X-GitHub-Request-Id: 3298:4862:8187F2:9D3E88:65BBAF40
Accept-Ranges: bytes
Date: Thu, 01 Feb 2024 19:37:36 GMT
Via: 1.1 varnish
X-Served-By: cache-maa10238-MAA
X-Cache: HIT
X-Cache-Hits: 0
X-Timer: S1706816255.466982,VS0,VE965
Vary: Authorization,Accept-Encoding,Origin
Access-Control-Allow-Origin: *
Cross-Origin-Resource-Policy: cross-origin
X-Fastly-Request-ID: 3b7cad9e08c13f48cc4a22bca25a8a96f049bdab
Expires: Thu, 01 Feb 2024 19:42:36 GMT
Source-Age: 0

]
[2024-02-02 01:07:37,558: INFO: main: >>>>>> Stage Data Ingestion completed <<<<<<

x==========x]
